<?xml version="1.0" encoding="UTF-8"?>
<testsuite xmlns:xsi="http://www.w3.org/2001/XMLSchema-instance" xsi:noNamespaceSchemaLocation="https://maven.apache.org/surefire/maven-surefire-plugin/xsd/surefire-test-report.xsd" name="TestRunner" time="9.355" tests="6" errors="0" skipped="0" failures="0">
  <properties>
    <property name="gopherProxySet" value="false"/>
    <property name="awt.toolkit" value="sun.lwawt.macosx.LWCToolkit"/>
    <property name="file.encoding.pkg" value="sun.io"/>
    <property name="java.specification.version" value="1.8"/>
    <property name="sun.cpu.isalist" value=""/>
    <property name="sun.jnu.encoding" value="UTF-8"/>
    <property name="java.class.path" value="/Users/viswa/Desktop/Viswa/E2E_Testing/target/test-classes:/Users/viswa/Desktop/Viswa/E2E_Testing/target/classes:/Users/viswa/.m2/repository/com/intuit/karate/karate-apache/0.9.6/karate-apache-0.9.6.jar:/Users/viswa/.m2/repository/com/intuit/karate/karate-core/0.9.6/karate-core-0.9.6.jar:/Users/viswa/.m2/repository/com/jayway/jsonpath/json-path/2.4.0/json-path-2.4.0.jar:/Users/viswa/.m2/repository/net/minidev/json-smart/2.3/json-smart-2.3.jar:/Users/viswa/.m2/repository/net/minidev/accessors-smart/1.2/accessors-smart-1.2.jar:/Users/viswa/.m2/repository/org/ow2/asm/asm/5.0.4/asm-5.0.4.jar:/Users/viswa/.m2/repository/info/cukes/cucumber-java/1.2.5/cucumber-java-1.2.5.jar:/Users/viswa/.m2/repository/info/cukes/cucumber-core/1.2.5/cucumber-core-1.2.5.jar:/Users/viswa/.m2/repository/org/yaml/snakeyaml/1.24/snakeyaml-1.24.jar:/Users/viswa/.m2/repository/de/siegmar/fastcsv/1.0.3/fastcsv-1.0.3.jar:/Users/viswa/.m2/repository/info/picocli/picocli/4.0.3/picocli-4.0.3.jar:/Users/viswa/.m2/repository/org/apache/httpcomponents/httpclient/4.5.12/httpclient-4.5.12.jar:/Users/viswa/.m2/repository/org/apache/httpcomponents/httpcore/4.4.13/httpcore-4.4.13.jar:/Users/viswa/.m2/repository/commons-codec/commons-codec/1.11/commons-codec-1.11.jar:/Users/viswa/.m2/repository/org/apache/httpcomponents/httpmime/4.5.12/httpmime-4.5.12.jar:/Users/viswa/.m2/repository/org/slf4j/jcl-over-slf4j/1.7.25/jcl-over-slf4j-1.7.25.jar:/Users/viswa/.m2/repository/org/slf4j/slf4j-api/1.7.25/slf4j-api-1.7.25.jar:/Users/viswa/.m2/repository/ch/qos/logback/logback-classic/1.2.3/logback-classic-1.2.3.jar:/Users/viswa/.m2/repository/ch/qos/logback/logback-core/1.2.3/logback-core-1.2.3.jar:/Users/viswa/.m2/repository/com/intuit/karate/karate-junit5/0.9.6/karate-junit5-0.9.6.jar:/Users/viswa/.m2/repository/org/junit/jupiter/junit-jupiter-api/5.5.0/junit-jupiter-api-5.5.0.jar:/Users/viswa/.m2/repository/org/apiguardian/apiguardian-api/1.1.0/apiguardian-api-1.1.0.jar:/Users/viswa/.m2/repository/org/opentest4j/opentest4j/1.2.0/opentest4j-1.2.0.jar:/Users/viswa/.m2/repository/org/junit/platform/junit-platform-commons/1.5.0/junit-platform-commons-1.5.0.jar:/Users/viswa/.m2/repository/org/junit/jupiter/junit-jupiter-engine/5.5.0/junit-jupiter-engine-5.5.0.jar:/Users/viswa/.m2/repository/org/junit/platform/junit-platform-engine/1.5.0/junit-platform-engine-1.5.0.jar:/Users/viswa/.m2/repository/com/intuit/karate/karate-gatling/0.9.6/karate-gatling-0.9.6.jar:/Users/viswa/.m2/repository/io/gatling/highcharts/gatling-charts-highcharts/3.0.2/gatling-charts-highcharts-3.0.2.jar:/Users/viswa/.m2/repository/org/scala-lang/scala-library/2.12.8/scala-library-2.12.8.jar:/Users/viswa/.m2/repository/io/gatling/gatling-charts/3.0.2/gatling-charts-3.0.2.jar:/Users/viswa/.m2/repository/io/gatling/gatling-core/3.0.2/gatling-core-3.0.2.jar:/Users/viswa/.m2/repository/com/typesafe/akka/akka-slf4j_2.12/2.5.19/akka-slf4j_2.12-2.5.19.jar:/Users/viswa/.m2/repository/org/simpleflatmapper/lightning-csv/6.0.13/lightning-csv-6.0.13.jar:/Users/viswa/.m2/repository/org/simpleflatmapper/sfm-util/6.0.13/sfm-util-6.0.13.jar:/Users/viswa/.m2/repository/com/github/ben-manes/caffeine/caffeine/2.6.2/caffeine-2.6.2.jar:/Users/viswa/.m2/repository/io/pebbletemplates/pebble/3.0.6/pebble-3.0.6.jar:/Users/viswa/.m2/repository/org/unbescape/unbescape/1.1.6.RELEASE/unbescape-1.1.6.RELEASE.jar:/Users/viswa/.m2/repository/org/scala-lang/modules/scala-parser-combinators_2.12/1.1.1/scala-parser-combinators_2.12-1.1.1.jar:/Users/viswa/.m2/repository/com/github/scopt/scopt_2.12/3.7.1/scopt_2.12-3.7.1.jar:/Users/viswa/.m2/repository/io/gatling/jsonpath_2.12/0.6.14/jsonpath_2.12-0.6.14.jar:/Users/viswa/.m2/repository/org/jodd/jodd-json/5.0.6/jodd-json-5.0.6.jar:/Users/viswa/.m2/repository/org/jodd/jodd-bean/5.0.6/jodd-bean-5.0.6.jar:/Users/viswa/.m2/repository/org/jodd/jodd-core/5.0.6/jodd-core-5.0.6.jar:/Users/viswa/.m2/repository/net/sf/saxon/Saxon-HE/9.9.0-2/Saxon-HE-9.9.0-2.jar:/Users/viswa/.m2/repository/org/jodd/jodd-lagarto/5.0.6/jodd-lagarto-5.0.6.jar:/Users/viswa/.m2/repository/org/jodd/jodd-log/5.0.6/jodd-log-5.0.6.jar:/Users/viswa/.m2/repository/com/tdunning/t-digest/3.1/t-digest-3.1.jar:/Users/viswa/.m2/repository/io/gatling/gatling-app/3.0.2/gatling-app-3.0.2.jar:/Users/viswa/.m2/repository/io/gatling/gatling-http/3.0.2/gatling-http-3.0.2.jar:/Users/viswa/.m2/repository/org/scala-lang/modules/scala-xml_2.12/1.1.1/scala-xml_2.12-1.1.1.jar:/Users/viswa/.m2/repository/io/gatling/gatling-jms/3.0.2/gatling-jms-3.0.2.jar:/Users/viswa/.m2/repository/org/apache/geronimo/specs/geronimo-jms_1.1_spec/1.1.1/geronimo-jms_1.1_spec-1.1.1.jar:/Users/viswa/.m2/repository/io/gatling/gatling-jdbc/3.0.2/gatling-jdbc-3.0.2.jar:/Users/viswa/.m2/repository/io/gatling/gatling-redis/3.0.2/gatling-redis-3.0.2.jar:/Users/viswa/.m2/repository/net/debasishg/redisclient_2.12/3.7/redisclient_2.12-3.7.jar:/Users/viswa/.m2/repository/commons-pool/commons-pool/1.6/commons-pool-1.6.jar:/Users/viswa/.m2/repository/io/gatling/gatling-graphite/3.0.2/gatling-graphite-3.0.2.jar:/Users/viswa/.m2/repository/org/hdrhistogram/HdrHistogram/2.1.10/HdrHistogram-2.1.10.jar:/Users/viswa/.m2/repository/io/gatling/gatling-recorder/3.0.2/gatling-recorder-3.0.2.jar:/Users/viswa/.m2/repository/org/scala-lang/modules/scala-swing_2.12/2.0.3/scala-swing_2.12-2.0.3.jar:/Users/viswa/.m2/repository/com/fasterxml/jackson/core/jackson-databind/2.9.8/jackson-databind-2.9.8.jar:/Users/viswa/.m2/repository/com/fasterxml/jackson/core/jackson-annotations/2.9.0/jackson-annotations-2.9.0.jar:/Users/viswa/.m2/repository/com/fasterxml/jackson/core/jackson-core/2.9.8/jackson-core-2.9.8.jar:/Users/viswa/.m2/repository/org/json4s/json4s-jackson_2.12/3.6.2/json4s-jackson_2.12-3.6.2.jar:/Users/viswa/.m2/repository/org/json4s/json4s-core_2.12/3.6.2/json4s-core_2.12-3.6.2.jar:/Users/viswa/.m2/repository/org/json4s/json4s-ast_2.12/3.6.2/json4s-ast_2.12-3.6.2.jar:/Users/viswa/.m2/repository/org/json4s/json4s-scalap_2.12/3.6.2/json4s-scalap_2.12-3.6.2.jar:/Users/viswa/.m2/repository/com/thoughtworks/paranamer/paranamer/2.8/paranamer-2.8.jar:/Users/viswa/.m2/repository/org/bouncycastle/bcpkix-jdk15on/1.60/bcpkix-jdk15on-1.60.jar:/Users/viswa/.m2/repository/org/bouncycastle/bcprov-jdk15on/1.60/bcprov-jdk15on-1.60.jar:/Users/viswa/.m2/repository/io/netty/netty-codec-http/4.1.32.Final/netty-codec-http-4.1.32.Final.jar:/Users/viswa/.m2/repository/io/netty/netty-codec/4.1.32.Final/netty-codec-4.1.32.Final.jar:/Users/viswa/.m2/repository/com/typesafe/akka/akka-actor_2.12/2.5.19/akka-actor_2.12-2.5.19.jar:/Users/viswa/.m2/repository/io/gatling/gatling-http-client/3.0.2/gatling-http-client-3.0.2.jar:/Users/viswa/.m2/repository/io/gatling/gatling-netty-util/3.0.2/gatling-netty-util-3.0.2.jar:/Users/viswa/.m2/repository/io/netty/netty-buffer/4.1.32.Final/netty-buffer-4.1.32.Final.jar:/Users/viswa/.m2/repository/io/netty/netty-common/4.1.32.Final/netty-common-4.1.32.Final.jar:/Users/viswa/.m2/repository/io/netty/netty-handler/4.1.32.Final/netty-handler-4.1.32.Final.jar:/Users/viswa/.m2/repository/io/netty/netty-transport/4.1.32.Final/netty-transport-4.1.32.Final.jar:/Users/viswa/.m2/repository/io/netty/netty-handler-proxy/4.1.32.Final/netty-handler-proxy-4.1.32.Final.jar:/Users/viswa/.m2/repository/io/netty/netty-codec-socks/4.1.32.Final/netty-codec-socks-4.1.32.Final.jar:/Users/viswa/.m2/repository/io/netty/netty-resolver-dns/4.1.32.Final/netty-resolver-dns-4.1.32.Final.jar:/Users/viswa/.m2/repository/io/netty/netty-resolver/4.1.32.Final/netty-resolver-4.1.32.Final.jar:/Users/viswa/.m2/repository/io/netty/netty-codec-dns/4.1.32.Final/netty-codec-dns-4.1.32.Final.jar:/Users/viswa/.m2/repository/io/netty/netty-transport-native-epoll/4.1.32.Final/netty-transport-native-epoll-4.1.32.Final-linux-x86_64.jar:/Users/viswa/.m2/repository/io/netty/netty-transport-native-unix-common/4.1.32.Final/netty-transport-native-unix-common-4.1.32.Final.jar:/Users/viswa/.m2/repository/io/netty/netty-codec-http2/4.1.32.Final/netty-codec-http2-4.1.32.Final.jar:/Users/viswa/.m2/repository/io/netty/netty-tcnative-boringssl-static/2.0.20.Final/netty-tcnative-boringssl-static-2.0.20.Final.jar:/Users/viswa/.m2/repository/com/sun/activation/javax.activation/1.2.0/javax.activation-1.2.0.jar:/Users/viswa/.m2/repository/com/typesafe/scala-logging/scala-logging_2.12/3.9.0/scala-logging_2.12-3.9.0.jar:/Users/viswa/.m2/repository/io/gatling/gatling-commons/3.0.2/gatling-commons-3.0.2.jar:/Users/viswa/.m2/repository/org/scala-lang/scala-reflect/2.12.8/scala-reflect-2.12.8.jar:/Users/viswa/.m2/repository/com/typesafe/config/1.3.3/config-1.3.3.jar:/Users/viswa/.m2/repository/com/dongxiguo/fastring_2.12/1.0.0/fastring_2.12-1.0.0.jar:/Users/viswa/.m2/repository/io/suzaku/boopickle_2.12/1.3.0/boopickle_2.12-1.3.0.jar:/Users/viswa/.m2/repository/org/typelevel/spire-macros_2.12/0.16.0/spire-macros_2.12-0.16.0.jar:/Users/viswa/.m2/repository/com/softwaremill/quicklens/quicklens_2.12/1.4.11/quicklens_2.12-1.4.11.jar:/Users/viswa/.m2/repository/org/scala-lang/modules/scala-java8-compat_2.12/0.9.0/scala-java8-compat_2.12-0.9.0.jar:/Users/viswa/.m2/repository/com/eatthepath/fast-uuid/0.1/fast-uuid-0.1.jar:"/>
    <property name="java.vm.vendor" value="Oracle Corporation"/>
    <property name="sun.arch.data.model" value="64"/>
    <property name="karate.env" value="dev"/>
    <property name="java.vendor.url" value="http://java.oracle.com/"/>
    <property name="user.timezone" value=""/>
    <property name="java.vm.specification.version" value="1.8"/>
    <property name="os.name" value="Mac OS X"/>
    <property name="user.country" value="AU"/>
    <property name="sun.java.launcher" value="SUN_STANDARD"/>
    <property name="sun.boot.library.path" value="/Library/Java/JavaVirtualMachines/jdk1.8.0_131.jdk/Contents/Home/jre/lib"/>
    <property name="sun.java.command" value="/Users/viswa/Desktop/Viswa/E2E_Testing/target/surefire/surefirebooter2720769422162062637.jar /Users/viswa/Desktop/Viswa/E2E_Testing/target/surefire 2020-09-07T07-53-21_249-jvmRun1 surefire4837672730678585838tmp surefire_04225007537384284648tmp"/>
    <property name="http.nonProxyHosts" value="local|*.local|169.254/16|*.169.254/16"/>
    <property name="test" value="TestRunner"/>
    <property name="surefire.test.class.path" value="/Users/viswa/Desktop/Viswa/E2E_Testing/target/test-classes:/Users/viswa/Desktop/Viswa/E2E_Testing/target/classes:/Users/viswa/.m2/repository/com/intuit/karate/karate-apache/0.9.6/karate-apache-0.9.6.jar:/Users/viswa/.m2/repository/com/intuit/karate/karate-core/0.9.6/karate-core-0.9.6.jar:/Users/viswa/.m2/repository/com/jayway/jsonpath/json-path/2.4.0/json-path-2.4.0.jar:/Users/viswa/.m2/repository/net/minidev/json-smart/2.3/json-smart-2.3.jar:/Users/viswa/.m2/repository/net/minidev/accessors-smart/1.2/accessors-smart-1.2.jar:/Users/viswa/.m2/repository/org/ow2/asm/asm/5.0.4/asm-5.0.4.jar:/Users/viswa/.m2/repository/info/cukes/cucumber-java/1.2.5/cucumber-java-1.2.5.jar:/Users/viswa/.m2/repository/info/cukes/cucumber-core/1.2.5/cucumber-core-1.2.5.jar:/Users/viswa/.m2/repository/org/yaml/snakeyaml/1.24/snakeyaml-1.24.jar:/Users/viswa/.m2/repository/de/siegmar/fastcsv/1.0.3/fastcsv-1.0.3.jar:/Users/viswa/.m2/repository/info/picocli/picocli/4.0.3/picocli-4.0.3.jar:/Users/viswa/.m2/repository/org/apache/httpcomponents/httpclient/4.5.12/httpclient-4.5.12.jar:/Users/viswa/.m2/repository/org/apache/httpcomponents/httpcore/4.4.13/httpcore-4.4.13.jar:/Users/viswa/.m2/repository/commons-codec/commons-codec/1.11/commons-codec-1.11.jar:/Users/viswa/.m2/repository/org/apache/httpcomponents/httpmime/4.5.12/httpmime-4.5.12.jar:/Users/viswa/.m2/repository/org/slf4j/jcl-over-slf4j/1.7.25/jcl-over-slf4j-1.7.25.jar:/Users/viswa/.m2/repository/org/slf4j/slf4j-api/1.7.25/slf4j-api-1.7.25.jar:/Users/viswa/.m2/repository/ch/qos/logback/logback-classic/1.2.3/logback-classic-1.2.3.jar:/Users/viswa/.m2/repository/ch/qos/logback/logback-core/1.2.3/logback-core-1.2.3.jar:/Users/viswa/.m2/repository/com/intuit/karate/karate-junit5/0.9.6/karate-junit5-0.9.6.jar:/Users/viswa/.m2/repository/org/junit/jupiter/junit-jupiter-api/5.5.0/junit-jupiter-api-5.5.0.jar:/Users/viswa/.m2/repository/org/apiguardian/apiguardian-api/1.1.0/apiguardian-api-1.1.0.jar:/Users/viswa/.m2/repository/org/opentest4j/opentest4j/1.2.0/opentest4j-1.2.0.jar:/Users/viswa/.m2/repository/org/junit/platform/junit-platform-commons/1.5.0/junit-platform-commons-1.5.0.jar:/Users/viswa/.m2/repository/org/junit/jupiter/junit-jupiter-engine/5.5.0/junit-jupiter-engine-5.5.0.jar:/Users/viswa/.m2/repository/org/junit/platform/junit-platform-engine/1.5.0/junit-platform-engine-1.5.0.jar:/Users/viswa/.m2/repository/com/intuit/karate/karate-gatling/0.9.6/karate-gatling-0.9.6.jar:/Users/viswa/.m2/repository/io/gatling/highcharts/gatling-charts-highcharts/3.0.2/gatling-charts-highcharts-3.0.2.jar:/Users/viswa/.m2/repository/org/scala-lang/scala-library/2.12.8/scala-library-2.12.8.jar:/Users/viswa/.m2/repository/io/gatling/gatling-charts/3.0.2/gatling-charts-3.0.2.jar:/Users/viswa/.m2/repository/io/gatling/gatling-core/3.0.2/gatling-core-3.0.2.jar:/Users/viswa/.m2/repository/com/typesafe/akka/akka-slf4j_2.12/2.5.19/akka-slf4j_2.12-2.5.19.jar:/Users/viswa/.m2/repository/org/simpleflatmapper/lightning-csv/6.0.13/lightning-csv-6.0.13.jar:/Users/viswa/.m2/repository/org/simpleflatmapper/sfm-util/6.0.13/sfm-util-6.0.13.jar:/Users/viswa/.m2/repository/com/github/ben-manes/caffeine/caffeine/2.6.2/caffeine-2.6.2.jar:/Users/viswa/.m2/repository/io/pebbletemplates/pebble/3.0.6/pebble-3.0.6.jar:/Users/viswa/.m2/repository/org/unbescape/unbescape/1.1.6.RELEASE/unbescape-1.1.6.RELEASE.jar:/Users/viswa/.m2/repository/org/scala-lang/modules/scala-parser-combinators_2.12/1.1.1/scala-parser-combinators_2.12-1.1.1.jar:/Users/viswa/.m2/repository/com/github/scopt/scopt_2.12/3.7.1/scopt_2.12-3.7.1.jar:/Users/viswa/.m2/repository/io/gatling/jsonpath_2.12/0.6.14/jsonpath_2.12-0.6.14.jar:/Users/viswa/.m2/repository/org/jodd/jodd-json/5.0.6/jodd-json-5.0.6.jar:/Users/viswa/.m2/repository/org/jodd/jodd-bean/5.0.6/jodd-bean-5.0.6.jar:/Users/viswa/.m2/repository/org/jodd/jodd-core/5.0.6/jodd-core-5.0.6.jar:/Users/viswa/.m2/repository/net/sf/saxon/Saxon-HE/9.9.0-2/Saxon-HE-9.9.0-2.jar:/Users/viswa/.m2/repository/org/jodd/jodd-lagarto/5.0.6/jodd-lagarto-5.0.6.jar:/Users/viswa/.m2/repository/org/jodd/jodd-log/5.0.6/jodd-log-5.0.6.jar:/Users/viswa/.m2/repository/com/tdunning/t-digest/3.1/t-digest-3.1.jar:/Users/viswa/.m2/repository/io/gatling/gatling-app/3.0.2/gatling-app-3.0.2.jar:/Users/viswa/.m2/repository/io/gatling/gatling-http/3.0.2/gatling-http-3.0.2.jar:/Users/viswa/.m2/repository/org/scala-lang/modules/scala-xml_2.12/1.1.1/scala-xml_2.12-1.1.1.jar:/Users/viswa/.m2/repository/io/gatling/gatling-jms/3.0.2/gatling-jms-3.0.2.jar:/Users/viswa/.m2/repository/org/apache/geronimo/specs/geronimo-jms_1.1_spec/1.1.1/geronimo-jms_1.1_spec-1.1.1.jar:/Users/viswa/.m2/repository/io/gatling/gatling-jdbc/3.0.2/gatling-jdbc-3.0.2.jar:/Users/viswa/.m2/repository/io/gatling/gatling-redis/3.0.2/gatling-redis-3.0.2.jar:/Users/viswa/.m2/repository/net/debasishg/redisclient_2.12/3.7/redisclient_2.12-3.7.jar:/Users/viswa/.m2/repository/commons-pool/commons-pool/1.6/commons-pool-1.6.jar:/Users/viswa/.m2/repository/io/gatling/gatling-graphite/3.0.2/gatling-graphite-3.0.2.jar:/Users/viswa/.m2/repository/org/hdrhistogram/HdrHistogram/2.1.10/HdrHistogram-2.1.10.jar:/Users/viswa/.m2/repository/io/gatling/gatling-recorder/3.0.2/gatling-recorder-3.0.2.jar:/Users/viswa/.m2/repository/org/scala-lang/modules/scala-swing_2.12/2.0.3/scala-swing_2.12-2.0.3.jar:/Users/viswa/.m2/repository/com/fasterxml/jackson/core/jackson-databind/2.9.8/jackson-databind-2.9.8.jar:/Users/viswa/.m2/repository/com/fasterxml/jackson/core/jackson-annotations/2.9.0/jackson-annotations-2.9.0.jar:/Users/viswa/.m2/repository/com/fasterxml/jackson/core/jackson-core/2.9.8/jackson-core-2.9.8.jar:/Users/viswa/.m2/repository/org/json4s/json4s-jackson_2.12/3.6.2/json4s-jackson_2.12-3.6.2.jar:/Users/viswa/.m2/repository/org/json4s/json4s-core_2.12/3.6.2/json4s-core_2.12-3.6.2.jar:/Users/viswa/.m2/repository/org/json4s/json4s-ast_2.12/3.6.2/json4s-ast_2.12-3.6.2.jar:/Users/viswa/.m2/repository/org/json4s/json4s-scalap_2.12/3.6.2/json4s-scalap_2.12-3.6.2.jar:/Users/viswa/.m2/repository/com/thoughtworks/paranamer/paranamer/2.8/paranamer-2.8.jar:/Users/viswa/.m2/repository/org/bouncycastle/bcpkix-jdk15on/1.60/bcpkix-jdk15on-1.60.jar:/Users/viswa/.m2/repository/org/bouncycastle/bcprov-jdk15on/1.60/bcprov-jdk15on-1.60.jar:/Users/viswa/.m2/repository/io/netty/netty-codec-http/4.1.32.Final/netty-codec-http-4.1.32.Final.jar:/Users/viswa/.m2/repository/io/netty/netty-codec/4.1.32.Final/netty-codec-4.1.32.Final.jar:/Users/viswa/.m2/repository/com/typesafe/akka/akka-actor_2.12/2.5.19/akka-actor_2.12-2.5.19.jar:/Users/viswa/.m2/repository/io/gatling/gatling-http-client/3.0.2/gatling-http-client-3.0.2.jar:/Users/viswa/.m2/repository/io/gatling/gatling-netty-util/3.0.2/gatling-netty-util-3.0.2.jar:/Users/viswa/.m2/repository/io/netty/netty-buffer/4.1.32.Final/netty-buffer-4.1.32.Final.jar:/Users/viswa/.m2/repository/io/netty/netty-common/4.1.32.Final/netty-common-4.1.32.Final.jar:/Users/viswa/.m2/repository/io/netty/netty-handler/4.1.32.Final/netty-handler-4.1.32.Final.jar:/Users/viswa/.m2/repository/io/netty/netty-transport/4.1.32.Final/netty-transport-4.1.32.Final.jar:/Users/viswa/.m2/repository/io/netty/netty-handler-proxy/4.1.32.Final/netty-handler-proxy-4.1.32.Final.jar:/Users/viswa/.m2/repository/io/netty/netty-codec-socks/4.1.32.Final/netty-codec-socks-4.1.32.Final.jar:/Users/viswa/.m2/repository/io/netty/netty-resolver-dns/4.1.32.Final/netty-resolver-dns-4.1.32.Final.jar:/Users/viswa/.m2/repository/io/netty/netty-resolver/4.1.32.Final/netty-resolver-4.1.32.Final.jar:/Users/viswa/.m2/repository/io/netty/netty-codec-dns/4.1.32.Final/netty-codec-dns-4.1.32.Final.jar:/Users/viswa/.m2/repository/io/netty/netty-transport-native-epoll/4.1.32.Final/netty-transport-native-epoll-4.1.32.Final-linux-x86_64.jar:/Users/viswa/.m2/repository/io/netty/netty-transport-native-unix-common/4.1.32.Final/netty-transport-native-unix-common-4.1.32.Final.jar:/Users/viswa/.m2/repository/io/netty/netty-codec-http2/4.1.32.Final/netty-codec-http2-4.1.32.Final.jar:/Users/viswa/.m2/repository/io/netty/netty-tcnative-boringssl-static/2.0.20.Final/netty-tcnative-boringssl-static-2.0.20.Final.jar:/Users/viswa/.m2/repository/com/sun/activation/javax.activation/1.2.0/javax.activation-1.2.0.jar:/Users/viswa/.m2/repository/com/typesafe/scala-logging/scala-logging_2.12/3.9.0/scala-logging_2.12-3.9.0.jar:/Users/viswa/.m2/repository/io/gatling/gatling-commons/3.0.2/gatling-commons-3.0.2.jar:/Users/viswa/.m2/repository/org/scala-lang/scala-reflect/2.12.8/scala-reflect-2.12.8.jar:/Users/viswa/.m2/repository/com/typesafe/config/1.3.3/config-1.3.3.jar:/Users/viswa/.m2/repository/com/dongxiguo/fastring_2.12/1.0.0/fastring_2.12-1.0.0.jar:/Users/viswa/.m2/repository/io/suzaku/boopickle_2.12/1.3.0/boopickle_2.12-1.3.0.jar:/Users/viswa/.m2/repository/org/typelevel/spire-macros_2.12/0.16.0/spire-macros_2.12-0.16.0.jar:/Users/viswa/.m2/repository/com/softwaremill/quicklens/quicklens_2.12/1.4.11/quicklens_2.12-1.4.11.jar:/Users/viswa/.m2/repository/org/scala-lang/modules/scala-java8-compat_2.12/0.9.0/scala-java8-compat_2.12-0.9.0.jar:/Users/viswa/.m2/repository/com/eatthepath/fast-uuid/0.1/fast-uuid-0.1.jar:"/>
    <property name="sun.cpu.endian" value="little"/>
    <property name="user.home" value="/Users/viswa"/>
    <property name="user.language" value="en"/>
    <property name="java.specification.vendor" value="Oracle Corporation"/>
    <property name="java.home" value="/Library/Java/JavaVirtualMachines/jdk1.8.0_131.jdk/Contents/Home/jre"/>
    <property name="basedir" value="/Users/viswa/Desktop/Viswa/E2E_Testing"/>
    <property name="file.separator" value="/"/>
    <property name="line.separator" value="&#10;"/>
    <property name="java.vm.specification.vendor" value="Oracle Corporation"/>
    <property name="java.specification.name" value="Java Platform API Specification"/>
    <property name="java.awt.graphicsenv" value="sun.awt.CGraphicsEnvironment"/>
    <property name="karate.options" value="classpath:Test_Scripts/MicroServiceDefinitionLayer/apiTest.feature"/>
    <property name="surefire.real.class.path" value="/Users/viswa/Desktop/Viswa/E2E_Testing/target/surefire/surefirebooter2720769422162062637.jar"/>
    <property name="sun.boot.class.path" value="/Library/Java/JavaVirtualMachines/jdk1.8.0_131.jdk/Contents/Home/jre/lib/resources.jar:/Library/Java/JavaVirtualMachines/jdk1.8.0_131.jdk/Contents/Home/jre/lib/rt.jar:/Library/Java/JavaVirtualMachines/jdk1.8.0_131.jdk/Contents/Home/jre/lib/sunrsasign.jar:/Library/Java/JavaVirtualMachines/jdk1.8.0_131.jdk/Contents/Home/jre/lib/jsse.jar:/Library/Java/JavaVirtualMachines/jdk1.8.0_131.jdk/Contents/Home/jre/lib/jce.jar:/Library/Java/JavaVirtualMachines/jdk1.8.0_131.jdk/Contents/Home/jre/lib/charsets.jar:/Library/Java/JavaVirtualMachines/jdk1.8.0_131.jdk/Contents/Home/jre/lib/jfr.jar:/Library/Java/JavaVirtualMachines/jdk1.8.0_131.jdk/Contents/Home/jre/classes"/>
    <property name="sun.management.compiler" value="HotSpot 64-Bit Tiered Compilers"/>
    <property name="ftp.nonProxyHosts" value="local|*.local|169.254/16|*.169.254/16"/>
    <property name="java.runtime.version" value="1.8.0_131-b11"/>
    <property name="user.name" value="viswa"/>
    <property name="path.separator" value=":"/>
    <property name="os.version" value="10.15.6"/>
    <property name="java.endorsed.dirs" value="/Library/Java/JavaVirtualMachines/jdk1.8.0_131.jdk/Contents/Home/jre/lib/endorsed"/>
    <property name="java.runtime.name" value="Java(TM) SE Runtime Environment"/>
    <property name="file.encoding" value="UTF-8"/>
    <property name="java.vm.name" value="Java HotSpot(TM) 64-Bit Server VM"/>
    <property name="localRepository" value="/Users/viswa/.m2/repository"/>
    <property name="java.vendor.url.bug" value="http://bugreport.sun.com/bugreport/"/>
    <property name="java.io.tmpdir" value="/var/folders/v1/2gppfcgj03j2jnmpkpbh3l0r0000gn/T/"/>
    <property name="java.version" value="1.8.0_131"/>
    <property name="user.dir" value="/Users/viswa/Desktop/Viswa/E2E_Testing"/>
    <property name="os.arch" value="x86_64"/>
    <property name="java.vm.specification.name" value="Java Virtual Machine Specification"/>
    <property name="java.awt.printerjob" value="sun.lwawt.macosx.CPrinterJob"/>
    <property name="sun.os.patch.level" value="unknown"/>
    <property name="java.library.path" value="/Users/viswa/Library/Java/Extensions:/Library/Java/Extensions:/Network/Library/Java/Extensions:/System/Library/Java/Extensions:/usr/lib/java:."/>
    <property name="java.vm.info" value="mixed mode"/>
    <property name="java.vendor" value="Oracle Corporation"/>
    <property name="java.vm.version" value="25.131-b11"/>
    <property name="java.ext.dirs" value="/Users/viswa/Library/Java/Extensions:/Library/Java/JavaVirtualMachines/jdk1.8.0_131.jdk/Contents/Home/jre/lib/ext:/Library/Java/Extensions:/Network/Library/Java/Extensions:/System/Library/Java/Extensions:/usr/lib/java"/>
    <property name="sun.io.unicode.encoding" value="UnicodeBig"/>
    <property name="java.class.version" value="52.0"/>
    <property name="socksNonProxyHosts" value="local|*.local|169.254/16|*.169.254/16"/>
  </properties>
  <testcase name="testAll[1][1]" classname="TestRunner" time="3.051"/>
  <testcase name="testAll[1][2]" classname="TestRunner" time="1.246"/>
  <testcase name="testAll[1][3]" classname="TestRunner" time="0.948"/>
  <testcase name="testAll[1][4]" classname="TestRunner" time="1.049"/>
  <testcase name="testAll[1][5]" classname="TestRunner" time="0.924"/>
  <testcase name="testAll[1][6]" classname="TestRunner" time="1.278"/>
</testsuite>